<?xml version="1.0" encoding="UTF-8"?>
<testng-results ignored="0" total="4" passed="4" failed="0" skipped="0">
  <reporter-output>
  </reporter-output>
  <suite started-at="2025-08-11T18:58:02 IST" name="Suite" finished-at="2025-08-11T18:58:55 IST" duration-ms="52249">
    <groups>
      <group name="Master">
        <method signature="TC_003_LoginDDT.verify_loginDDT(java.lang.String,java.lang.String,java.lang.String)[pri:0, instance:testCases.TC_003_LoginDDT@15dcfae7]" name="verify_loginDDT" class="testCases.TC_003_LoginDDT"/>
      </group> <!-- Master -->
      <group name="DataDriven">
        <method signature="TC_003_LoginDDT.verify_loginDDT(java.lang.String,java.lang.String,java.lang.String)[pri:0, instance:testCases.TC_003_LoginDDT@15dcfae7]" name="verify_loginDDT" class="testCases.TC_003_LoginDDT"/>
      </group> <!-- DataDriven -->
    </groups>
    <test started-at="2025-08-11T18:58:02 IST" name="Test" finished-at="2025-08-11T18:58:55 IST" duration-ms="52249">
      <class name="testCases.TC_003_LoginDDT">
        <test-method is-config="true" signature="setup(java.lang.String,java.lang.String)[pri:0, instance:testCases.TC_003_LoginDDT@15dcfae7]" started-at="2025-08-11T18:58:03 IST" name="setup" finished-at="2025-08-11T18:58:25 IST" duration-ms="21882" status="PASS">
          <params>
            <param index="0">
              <value>
                <![CDATA[Windows]]>
              </value>
            </param>
            <param index="1">
              <value>
                <![CDATA[chrome]]>
              </value>
            </param>
          </params>
          <reporter-output>
          </reporter-output>
        </test-method> <!-- setup -->
        <test-method signature="verify_loginDDT(java.lang.String,java.lang.String,java.lang.String)[pri:0, instance:testCases.TC_003_LoginDDT@15dcfae7]" started-at="2025-08-11T18:58:29 IST" name="verify_loginDDT" data-provider="LoginData" finished-at="2025-08-11T18:58:37 IST" duration-ms="7569" status="PASS">
          <params>
            <param index="0">
              <value>
                <![CDATA[admin5@gmail.com]]>
              </value>
            </param>
            <param index="1">
              <value>
                <![CDATA[gowshik5656]]>
              </value>
            </param>
            <param index="2">
              <value>
                <![CDATA[Valid]]>
              </value>
            </param>
          </params>
          <reporter-output>
          </reporter-output>
        </test-method> <!-- verify_loginDDT -->
        <test-method signature="verify_loginDDT(java.lang.String,java.lang.String,java.lang.String)[pri:0, instance:testCases.TC_003_LoginDDT@15dcfae7]" started-at="2025-08-11T18:58:37 IST" name="verify_loginDDT" data-provider="LoginData" finished-at="2025-08-11T18:58:43 IST" duration-ms="5636" status="PASS">
          <params>
            <param index="0">
              <value>
                <![CDATA[admin6@gmail.com]]>
              </value>
            </param>
            <param index="1">
              <value>
                <![CDATA[gowshik5656]]>
              </value>
            </param>
            <param index="2">
              <value>
                <![CDATA[Valid]]>
              </value>
            </param>
          </params>
          <reporter-output>
          </reporter-output>
        </test-method> <!-- verify_loginDDT -->
        <test-method signature="verify_loginDDT(java.lang.String,java.lang.String,java.lang.String)[pri:0, instance:testCases.TC_003_LoginDDT@15dcfae7]" started-at="2025-08-11T18:58:43 IST" name="verify_loginDDT" data-provider="LoginData" finished-at="2025-08-11T18:58:48 IST" duration-ms="5614" status="PASS">
          <params>
            <param index="0">
              <value>
                <![CDATA[admin7@gmail.com]]>
              </value>
            </param>
            <param index="1">
              <value>
                <![CDATA[gowshik5656]]>
              </value>
            </param>
            <param index="2">
              <value>
                <![CDATA[Valid]]>
              </value>
            </param>
          </params>
          <reporter-output>
          </reporter-output>
        </test-method> <!-- verify_loginDDT -->
        <test-method signature="verify_loginDDT(java.lang.String,java.lang.String,java.lang.String)[pri:0, instance:testCases.TC_003_LoginDDT@15dcfae7]" started-at="2025-08-11T18:58:48 IST" name="verify_loginDDT" data-provider="LoginData" finished-at="2025-08-11T18:58:53 IST" duration-ms="5195" status="PASS">
          <params>
            <param index="0">
              <value>
                <![CDATA[admin8@gmail.com]]>
              </value>
            </param>
            <param index="1">
              <value>
                <![CDATA[gowshik5656]]>
              </value>
            </param>
            <param index="2">
              <value>
                <![CDATA[Valid]]>
              </value>
            </param>
          </params>
          <reporter-output>
          </reporter-output>
        </test-method> <!-- verify_loginDDT -->
        <test-method is-config="true" signature="tearDown()[pri:0, instance:testCases.TC_003_LoginDDT@15dcfae7]" started-at="2025-08-11T18:58:53 IST" name="tearDown" finished-at="2025-08-11T18:58:55 IST" duration-ms="1167" status="PASS">
          <reporter-output>
          </reporter-output>
        </test-method> <!-- tearDown -->
      </class> <!-- testCases.TC_003_LoginDDT -->
    </test> <!-- Test -->
  </suite> <!-- Suite -->
</testng-results>
