<?xml version="1.0" encoding="UTF-8"?>
<testng-results ignored="0" total="4" passed="4" failed="0" skipped="0">
  <reporter-output>
  </reporter-output>
  <suite started-at="2025-08-10T20:01:47 IST" name="Suite" finished-at="2025-08-10T20:02:30 IST" duration-ms="43164">
    <groups>
      <group name="Master">
        <method signature="TC_003_LoginDDT.verify_loginDDT(java.lang.String,java.lang.String,java.lang.String)[pri:0, instance:testCases.TC_003_LoginDDT@24111ef1]" name="verify_loginDDT" class="testCases.TC_003_LoginDDT"/>
      </group> <!-- Master -->
      <group name="DataDriven">
        <method signature="TC_003_LoginDDT.verify_loginDDT(java.lang.String,java.lang.String,java.lang.String)[pri:0, instance:testCases.TC_003_LoginDDT@24111ef1]" name="verify_loginDDT" class="testCases.TC_003_LoginDDT"/>
      </group> <!-- DataDriven -->
    </groups>
    <test started-at="2025-08-10T20:01:47 IST" name="Test" finished-at="2025-08-10T20:02:30 IST" duration-ms="43164">
      <class name="testCases.TC_003_LoginDDT">
        <test-method is-config="true" signature="setup(java.lang.String,java.lang.String)[pri:0, instance:testCases.TC_003_LoginDDT@24111ef1]" started-at="2025-08-10T20:01:47 IST" name="setup" finished-at="2025-08-10T20:01:58 IST" duration-ms="10188" status="PASS">
          <params>
            <param index="0">
              <value>
                <![CDATA[Windows]]>
              </value>
            </param>
            <param index="1">
              <value>
                <![CDATA[chrome]]>
              </value>
            </param>
          </params>
          <reporter-output>
          </reporter-output>
        </test-method> <!-- setup -->
        <test-method signature="verify_loginDDT(java.lang.String,java.lang.String,java.lang.String)[pri:0, instance:testCases.TC_003_LoginDDT@24111ef1]" started-at="2025-08-10T20:01:59 IST" name="verify_loginDDT" data-provider="LoginData" finished-at="2025-08-10T20:02:08 IST" duration-ms="9437" status="PASS">
          <params>
            <param index="0">
              <value>
                <![CDATA[admin5@gmail.com]]>
              </value>
            </param>
            <param index="1">
              <value>
                <![CDATA[gowshik5656]]>
              </value>
            </param>
            <param index="2">
              <value>
                <![CDATA[Valid]]>
              </value>
            </param>
          </params>
          <reporter-output>
          </reporter-output>
        </test-method> <!-- verify_loginDDT -->
        <test-method signature="verify_loginDDT(java.lang.String,java.lang.String,java.lang.String)[pri:0, instance:testCases.TC_003_LoginDDT@24111ef1]" started-at="2025-08-10T20:02:08 IST" name="verify_loginDDT" data-provider="LoginData" finished-at="2025-08-10T20:02:16 IST" duration-ms="7971" status="PASS">
          <params>
            <param index="0">
              <value>
                <![CDATA[admin6@gmail.com]]>
              </value>
            </param>
            <param index="1">
              <value>
                <![CDATA[gowshik5656]]>
              </value>
            </param>
            <param index="2">
              <value>
                <![CDATA[Valid]]>
              </value>
            </param>
          </params>
          <reporter-output>
          </reporter-output>
        </test-method> <!-- verify_loginDDT -->
        <test-method signature="verify_loginDDT(java.lang.String,java.lang.String,java.lang.String)[pri:0, instance:testCases.TC_003_LoginDDT@24111ef1]" started-at="2025-08-10T20:02:16 IST" name="verify_loginDDT" data-provider="LoginData" finished-at="2025-08-10T20:02:23 IST" duration-ms="6690" status="PASS">
          <params>
            <param index="0">
              <value>
                <![CDATA[admin7@gmail.com]]>
              </value>
            </param>
            <param index="1">
              <value>
                <![CDATA[gowshik5656]]>
              </value>
            </param>
            <param index="2">
              <value>
                <![CDATA[Valid]]>
              </value>
            </param>
          </params>
          <reporter-output>
          </reporter-output>
        </test-method> <!-- verify_loginDDT -->
        <test-method signature="verify_loginDDT(java.lang.String,java.lang.String,java.lang.String)[pri:0, instance:testCases.TC_003_LoginDDT@24111ef1]" started-at="2025-08-10T20:02:23 IST" name="verify_loginDDT" data-provider="LoginData" finished-at="2025-08-10T20:02:30 IST" duration-ms="6781" status="PASS">
          <params>
            <param index="0">
              <value>
                <![CDATA[admin8@gmail.com]]>
              </value>
            </param>
            <param index="1">
              <value>
                <![CDATA[gowshik5656]]>
              </value>
            </param>
            <param index="2">
              <value>
                <![CDATA[Valid]]>
              </value>
            </param>
          </params>
          <reporter-output>
          </reporter-output>
        </test-method> <!-- verify_loginDDT -->
        <test-method is-config="true" signature="tearDown()[pri:0, instance:testCases.TC_003_LoginDDT@24111ef1]" started-at="2025-08-10T20:02:30 IST" name="tearDown" finished-at="2025-08-10T20:02:30 IST" duration-ms="381" status="PASS">
          <reporter-output>
          </reporter-output>
        </test-method> <!-- tearDown -->
      </class> <!-- testCases.TC_003_LoginDDT -->
    </test> <!-- Test -->
  </suite> <!-- Suite -->
</testng-results>
